<?xml version="1.0" encoding="UTF-8"?>
<coverage generated="1751525576636" clover="3.2.0">
  <project timestamp="1751525576637" name="All files">
    <metrics statements="11" coveredstatements="7" conditionals="0" coveredconditionals="0" methods="5" coveredmethods="2" elements="16" coveredelements="9" complexity="0" loc="11" ncloc="11" packages="1" files="2" classes="2"/>
    <file name="Contact.js" path="C:\Users\jadha\Desktop\react-learning\basics01\src\components\Contact.js">
      <metrics statements="9" coveredstatements="5" conditionals="0" coveredconditionals="0" methods="4" coveredmethods="1"/>
      <line num="3" count="1" type="stmt"/>
      <line num="4" count="5" type="stmt"/>
      <line num="10" count="5" type="stmt"/>
      <line num="11" count="0" type="stmt"/>
      <line num="12" count="0" type="stmt"/>
      <line num="18" count="5" type="stmt"/>
      <line num="19" count="0" type="stmt"/>
      <line num="20" count="0" type="stmt"/>
      <line num="24" count="5" type="stmt"/>
    </file>
    <file name="sum.js" path="C:\Users\jadha\Desktop\react-learning\basics01\src\components\sum.js">
      <metrics statements="2" coveredstatements="2" conditionals="0" coveredconditionals="0" methods="1" coveredmethods="1"/>
      <line num="1" count="1" type="stmt"/>
      <line num="2" count="1" type="stmt"/>
    </file>
  </project>
</coverage>
