{"C:\\Users\\jadha\\Desktop\\react-learning\\basics01\\src\\components\\Contact.js": {"path":"C:\\Users\\jadha\\Desktop\\react-learning\\basics01\\src\\components\\Contact.js","statementMap":{"0":{"start":{"line":3,"column":18},"end":{"line":76,"column":1}},"1":{"start":{"line":4,"column":34},"end":{"line":8,"column":4}},"2":{"start":{"line":10,"column":28},"end":{"line":16,"column":3}},"3":{"start":{"line":11,"column":28},"end":{"line":11,"column":36}},"4":{"start":{"line":12,"column":4},"end":{"line":15,"column":8}},"5":{"start":{"line":12,"column":31},"end":{"line":15,"column":5}},"6":{"start":{"line":18,"column":23},"end":{"line":22,"column":3}},"7":{"start":{"line":19,"column":4},"end":{"line":19,"column":23}},"8":{"start":{"line":20,"column":4},"end":{"line":20,"column":29}},"9":{"start":{"line":24,"column":2},"end":{"line":75,"column":4}}},"fnMap":{"0":{"name":"(anonymous_0)","decl":{"start":{"line":3,"column":18},"end":{"line":3,"column":19}},"loc":{"start":{"line":3,"column":24},"end":{"line":76,"column":1}},"line":3},"1":{"name":"(anonymous_1)","decl":{"start":{"line":10,"column":28},"end":{"line":10,"column":29}},"loc":{"start":{"line":10,"column":35},"end":{"line":16,"column":3}},"line":10},"2":{"name":"(anonymous_2)","decl":{"start":{"line":12,"column":16},"end":{"line":12,"column":17}},"loc":{"start":{"line":12,"column":31},"end":{"line":15,"column":5}},"line":12},"3":{"name":"(anonymous_3)","decl":{"start":{"line":18,"column":23},"end":{"line":18,"column":24}},"loc":{"start":{"line":18,"column":30},"end":{"line":22,"column":3}},"line":18}},"branchMap":{},"s":{"0":1,"1":6,"2":6,"3":0,"4":0,"5":0,"6":6,"7":0,"8":0,"9":6},"f":{"0":6,"1":0,"2":0,"3":0},"b":{},"_coverageSchema":"1a1c01bbd47fc00a2c39e90264f33305004495a9","hash":"a7e683d00c7b98f338802dc00d4e18bed19e3915"}
,"C:\\Users\\jadha\\Desktop\\react-learning\\basics01\\src\\components\\sum.js": {"path":"C:\\Users\\jadha\\Desktop\\react-learning\\basics01\\src\\components\\sum.js","statementMap":{"0":{"start":{"line":1,"column":12},"end":{"line":3,"column":1}},"1":{"start":{"line":2,"column":2},"end":{"line":2,"column":15}}},"fnMap":{"0":{"name":"(anonymous_0)","decl":{"start":{"line":1,"column":12},"end":{"line":1,"column":13}},"loc":{"start":{"line":1,"column":22},"end":{"line":3,"column":1}},"line":1}},"branchMap":{},"s":{"0":1,"1":1},"f":{"0":1},"b":{},"_coverageSchema":"1a1c01bbd47fc00a2c39e90264f33305004495a9","hash":"f79b0d4ba4649daf30758c18926a5cb1a99d4099"}
}
